<?xml version="1.0" encoding="UTF-8" ?>
<testsuites>
  <testsuite errors="0" failures="0" hostname="hayashiyuumanoMacBook-ea.local" id="0" name="JUnit Jupiter" package="" skipped="0" tests="4" time="0.828" timestamp="2021-08-08T13:40:31">
    <properties>
[...]
</properties>

    <testcase classname="forest.ForestControllerTest" name="testInstantiationOfForestController()" time="0.07">
      <system-out><![CDATA[
unique-id: [engine:junit-jupiter]/[class:forest.ForestControllerTest]/[method:testInstantiationOfForestController()]
display-name: クラス「ForestController」の単体テスト
]]></system-out>

    </testcase>

    <testcase classname="forest.NodeTest" name="testInstantiationOfNode()" time="0.004">
      <system-out><![CDATA[
unique-id: [engine:junit-jupiter]/[class:forest.NodeTest]/[method:testInstantiationOfNode()]
display-name: クラス「Node」の単体テスト
]]></system-out>

    </testcase>

    <testcase classname="forest.ForestViewTest" name="testInstantiationOfForestView()" time="0.648">
      <system-out><![CDATA[
unique-id: [engine:junit-jupiter]/[class:forest.ForestViewTest]/[method:testInstantiationOfForestView()]
display-name: クラス「ForestView」の単体テスト
]]></system-out>

    </testcase>

    <testcase classname="forest.ForestModelTest" name="testInstantiationOfForestModel()" time="0.003">
      <system-out><![CDATA[
unique-id: [engine:junit-jupiter]/[class:forest.ForestModelTest]/[method:testInstantiationOfForestModel()]
display-name: クラス「ForestModel」の単体テスト
]]></system-out>

    </testcase>

    <system-out><![CDATA[
unique-id: [engine:junit-jupiter]
display-name: JUnit Jupiter
]]></system-out>

  </testsuite>
  <testsuite errors="0" failures="0" hostname="hayashiyuumanoMacBook-ea.local" id="1" name="JUnit Vintage" package="" skipped="0" tests="0" time="0.002" timestamp="2021-08-08T13:40:31">
    <properties>
[...]
</properties>

    <system-out><![CDATA[
unique-id: [engine:junit-vintage]
display-name: JUnit Vintage
]]></system-out>

  </testsuite>
</testsuites>
